[Категория: Оплата]
Как создать аккаунт?
опопоп
Какие способы
Классификация работа
[Категория: Оплата]
Как создать аккаунт?
[Категория: Регистрация]
2025-05-07T17:22:58.911270|[Категория: Оплата]
2025-05-07T17:23:06.574253|Как создать аккаунт?
2025-05-07T17:23:17.567135|Что делать при ошибке 402 Payment Required
2025-05-07T17:23:23.019357|Что делать при ошибке 402 Payment Required
2025-05-07T17:25:47.395358|[Категория: Восстановление пароля]
2025-05-07T17:27:53.261740|[Категория: Оплата]
2025-05-07T17:27:56.350945|Как создать аккаунт?
2025-05-07T17:28:11.402681|gjktp
2025-05-07T17:53:39.663491|[Категория: Оплата]
2025-05-07T17:53:45.622236|балабалабал
2025-05-07T18:16:37.564591|[Категория: Оплата]
2025-05-07T18:17:08.538416|Как создать аккаунт
2025-05-07T18:17:21.772488|[Категория: Сбои в работе]
2025-05-07T18:17:25.268797|streamlit run all.py
2025-05-07T18:17:34.221272|привет
2025-05-07T18:20:06.740295|[Категория: Оплата]
2025-05-07T18:20:14.576113|[Категория: Оплата]
2025-05-07T18:20:19.754376|Как создать аккаунт
2025-05-07T18:20:23.551468|ывсывмывмывм
2025-05-07T18:20:27.754982|[Категория: Сбои в работе]
